0 info it worked if it ends with ok
1 verbose cli [ '/Users/danielchan/.nvm/versions/node/v10.17.0/bin/node',
1 verbose cli   '/Users/danielchan/Projects/theme-song/node_modules/.bin/npm',
1 verbose cli   'run',
1 verbose cli   'migrate:production' ]
2 info using npm@2.15.12
3 info using node@v10.17.0
4 warn invalid config loglevel="notice"
5 verbose run-script [ 'premigrate:production',
5 verbose run-script   'migrate:production',
5 verbose run-script   'postmigrate:production' ]
6 info premigrate:production express-boilerplate@1.0.0
7 info migrate:production express-boilerplate@1.0.0
8 verbose unsafe-perm in lifecycle true
9 info express-boilerplate@1.0.0 Failed to exec migrate:production script
10 verbose stack Error: express-boilerplate@1.0.0 migrate:production: `env SSL=true DATABASE_URL=$(heroku config:get DATABASE_URL) npm run migrate`
10 verbose stack Exit status 1
10 verbose stack     at EventEmitter.<anonymous> (/Users/danielchan/Projects/theme-song/node_modules/npm/lib/utils/lifecycle.js:217:16)
10 verbose stack     at EventEmitter.emit (events.js:198:13)
10 verbose stack     at ChildProcess.<anonymous> (/Users/danielchan/Projects/theme-song/node_modules/npm/lib/utils/spawn.js:24:14)
10 verbose stack     at ChildProcess.emit (events.js:198:13)
10 verbose stack     at maybeClose (internal/child_process.js:982:16)
10 verbose stack     at Process.ChildProcess._handle.onexit (internal/child_process.js:259:5)
11 verbose pkgid express-boilerplate@1.0.0
12 verbose cwd /Users/danielchan/Projects/theme-song
13 error Darwin 17.7.0
14 error argv "/Users/danielchan/.nvm/versions/node/v10.17.0/bin/node" "/Users/danielchan/Projects/theme-song/node_modules/.bin/npm" "run" "migrate:production"
15 error node v10.17.0
16 error npm  v2.15.12
17 error code ELIFECYCLE
18 error express-boilerplate@1.0.0 migrate:production: `env SSL=true DATABASE_URL=$(heroku config:get DATABASE_URL) npm run migrate`
18 error Exit status 1
19 error Failed at the express-boilerplate@1.0.0 migrate:production script 'env SSL=true DATABASE_URL=$(heroku config:get DATABASE_URL) npm run migrate'.
19 error This is most likely a problem with the express-boilerplate package,
19 error not with npm itself.
19 error Tell the author that this fails on your system:
19 error     env SSL=true DATABASE_URL=$(heroku config:get DATABASE_URL) npm run migrate
19 error You can get information on how to open an issue for this project with:
19 error     npm bugs express-boilerplate
19 error Or if that isn't available, you can get their info via:
19 error
19 error     npm owner ls express-boilerplate
19 error There is likely additional logging output above.
20 verbose exit [ 1, true ]
